Starting audit...
[ERROR] F:\msitp\ADS-1\Assignments\m22\22.1 Ransom Note\Solution.java:1:8: Unused import - java.util.Iterator. [UnusedImports]
[ERROR] F:\msitp\ADS-1\Assignments\m22\22.1 Ransom Note\Solution.java:58:5: Missing a Javadoc comment. [JavadocVariable]
[ERROR] F:\msitp\ADS-1\Assignments\m22\22.1 Ransom Note\Solution.java:59:5: Missing a Javadoc comment. [JavadocVariable]
[ERROR] F:\msitp\ADS-1\Assignments\m22\22.1 Ransom Note\Solution.java:61: Missing a Javadoc comment. [JavadocType]
[ERROR] F:\msitp\ADS-1\Assignments\m22\22.1 Ransom Note\Solution.java:62:9: Missing a Javadoc comment. [JavadocVariable]
[ERROR] F:\msitp\ADS-1\Assignments\m22\22.1 Ransom Note\Solution.java:63:9: Missing a Javadoc comment. [JavadocVariable]
[ERROR] F:\msitp\ADS-1\Assignments\m22\22.1 Ransom Note\Solution.java:64:9: Missing a Javadoc comment. [JavadocVariable]
[ERROR] F:\msitp\ADS-1\Assignments\m22\22.1 Ransom Note\Solution.java:66:9: Missing a Javadoc comment. [JavadocMethod]
[ERROR] F:\msitp\ADS-1\Assignments\m22\22.1 Ransom Note\Solution.java:66:9: Redundant 'public' modifier. [RedundantModifier]
[ERROR] F:\msitp\ADS-1\Assignments\m22\22.1 Ransom Note\Solution.java:66:21: Parameter key should be final. [FinalParameters]
[ERROR] F:\msitp\ADS-1\Assignments\m22\22.1 Ransom Note\Solution.java:66:25: 'key' hides a field. [HiddenField]
[ERROR] F:\msitp\ADS-1\Assignments\m22\22.1 Ransom Note\Solution.java:66:30: Parameter val should be final. [FinalParameters]
[ERROR] F:\msitp\ADS-1\Assignments\m22\22.1 Ransom Note\Solution.java:66:36: 'val' hides a field. [HiddenField]
[ERROR] F:\msitp\ADS-1\Assignments\m22\22.1 Ransom Note\Solution.java:66:41: Parameter next should be final. [FinalParameters]
[ERROR] F:\msitp\ADS-1\Assignments\m22\22.1 Ransom Note\Solution.java:66:46: 'next' hides a field. [HiddenField]
[ERROR] F:\msitp\ADS-1\Assignments\m22\22.1 Ransom Note\Solution.java:75:5: Redundant 'public' modifier. [RedundantModifier]
[ERROR] F:\msitp\ADS-1\Assignments\m22\22.1 Ransom Note\Solution.java:105:29: Parameter key should be final. [FinalParameters]
[ERROR] F:\msitp\ADS-1\Assignments\m22\22.1 Ransom Note\Solution.java:118:22: Parameter key should be final. [FinalParameters]
[ERROR] F:\msitp\ADS-1\Assignments\m22\22.1 Ransom Note\Solution.java:120: 'if' construct must use '{}'s. [NeedBraces]
[ERROR] F:\msitp\ADS-1\Assignments\m22\22.1 Ransom Note\Solution.java:135:21: Parameter key should be final. [FinalParameters]
[ERROR] F:\msitp\ADS-1\Assignments\m22\22.1 Ransom Note\Solution.java:135:30: Parameter val should be final. [FinalParameters]
[ERROR] F:\msitp\ADS-1\Assignments\m22\22.1 Ransom Note\Solution.java:157:24: Parameter key should be final. [FinalParameters]
[ERROR] F:\msitp\ADS-1\Assignments\m22\22.1 Ransom Note\Solution.java:163:5: Missing a Javadoc comment. [JavadocMethod]
[ERROR] F:\msitp\ADS-1\Assignments\m22\22.1 Ransom Note\Solution.java:163:25: Parameter x should be final. [FinalParameters]
[ERROR] F:\msitp\ADS-1\Assignments\m22\22.1 Ransom Note\Solution.java:163:33: Parameter key should be final. [FinalParameters]
[ERROR] F:\msitp\ADS-1\Assignments\m22\22.1 Ransom Note\Solution.java:164: 'if' construct must use '{}'s. [NeedBraces]
[ERROR] F:\msitp\ADS-1\Assignments\m22\22.1 Ransom Note\Solution.java:183: 'for' construct must use '{}'s. [NeedBraces]
Audit done.
Checkstyle ends with 27 errors.
